<?xml version="1.0" encoding="UTF-8"?>
<testng-results skipped="0" failed="0" total="3" passed="3">
  <reporter-output>
  </reporter-output>
  <suite name="Default suite" duration-ms="81955" started-at="2019-09-27T12:12:33Z" finished-at="2019-09-27T12:13:55Z">
    <groups>
    </groups>
    <test name="Default test" duration-ms="81955" started-at="2019-09-27T12:12:33Z" finished-at="2019-09-27T12:13:55Z">
      <class name="order.Cash">
        <test-method status="PASS" signature="launchBroswer()[pri:0, instance:order.Cash@29ca901e]" name="launchBroswer" duration-ms="41540" started-at="2019-09-27T17:42:33Z" finished-at="2019-09-27T17:43:14Z">
          <reporter-output>
          </reporter-output>
        </test-method> <!-- launchBroswer -->
        <test-method status="PASS" signature="login()[pri:0, instance:order.Cash@29ca901e]" name="login" duration-ms="32225" started-at="2019-09-27T17:43:14Z" finished-at="2019-09-27T17:43:46Z">
          <reporter-output>
          </reporter-output>
        </test-method> <!-- login -->
        <test-method status="PASS" signature="NextTab()[pri:0, instance:order.Cash@29ca901e]" name="NextTab" duration-ms="8173" started-at="2019-09-27T17:43:46Z" finished-at="2019-09-27T17:43:55Z">
          <reporter-output>
          </reporter-output>
        </test-method> <!-- NextTab -->
      </class> <!-- order.Cash -->
    </test> <!-- Default test -->
  </suite> <!-- Default suite -->
</testng-results>
